<?xml version="1.0" encoding="UTF-8"?>
<!-- Generated by org.testng.reporters.JUnitReportReporter -->
<testsuite hostname="DESKTOP-2G7LDOO" failures="0" tests="1" name="PopularPageTest" time="18.714" errors="0" timestamp="2024-10-22T23:16:25 IST" skipped="0">
  <testcase classname="PopularPageTest" name="testPopularPageUi" time="18.714"/>
</testsuite> <!-- PopularPageTest -->
