<?xml version="1.0" encoding="UTF-8"?>
<!-- Generated by org.testng.reporters.JUnitReportReporter -->
<testsuite hostname="DESKTOP-2G7LDOO" failures="0" tests="2" name="SearchPageTest" time="28.986" errors="0" timestamp="2024-10-22T23:16:25 IST" skipped="0">
  <testcase classname="SearchPageTest" name="testSearchPgMoviesSearchFunctionality" time="19.098"/>
  <testcase classname="SearchPageTest" name="testSearchFunctionalityWithFailureCase" time="9.888"/>
</testsuite> <!-- SearchPageTest -->
