<?xml version="1.0" encoding="UTF-8"?>
<!-- Generated by org.testng.reporters.JUnitReportReporter -->
<testsuite hostname="DESKTOP-2G7LDOO" failures="0" tests="2" name="HeaderSectionPageTest" time="29.951" errors="0" timestamp="2024-10-22T23:16:25 IST" skipped="0">
  <testcase classname="HeaderSectionPageTest" name="testHeaderSectionUi" time="10.935"/>
  <testcase classname="HeaderSectionPageTest" name="testHeaderSectionFunctionalities" time="19.016"/>
</testsuite> <!-- HeaderSectionPageTest -->
