<?xml version="1.0" encoding="UTF-8"?>
<!-- Generated by org.testng.reporters.JUnitReportReporter -->
<testsuite hostname="DESKTOP-2G7LDOO" failures="0" tests="1" name="HomePageTest" time="18.207" errors="0" timestamp="2024-10-22T23:16:25 IST" skipped="0">
  <testcase classname="HomePageTest" name="testTheHomePg" time="18.207"/>
</testsuite> <!-- HomePageTest -->
