<?xml version="1.0" encoding="UTF-8"?>
<!-- Generated by org.testng.reporters.JUnitReportReporter -->
<testsuite hostname="DESKTOP-2G7LDOO" failures="0" tests="6" name="LoginPageTest" time="45.148" errors="0" timestamp="2024-10-22T23:16:25 IST" skipped="0">
  <testcase classname="LoginPageTest" name="testLoginPgUi" time="4.934"/>
  <testcase classname="LoginPageTest" name="testLoginPgWithEmptyInputs" time="8.008"/>
  <testcase classname="LoginPageTest" name="testLoginPgWithEmptyUserName" time="3.770"/>
  <testcase classname="LoginPageTest" name="testLoginPgWithEmptyPassword" time="3.926"/>
  <testcase classname="LoginPageTest" name="testLoginPgWithInvalidCredentials" time="8.148"/>
  <testcase classname="LoginPageTest" name="testLoginPgWithValidCredentials" time="16.362"/>
</testsuite> <!-- LoginPageTest -->
