<?xml version="1.0" encoding="UTF-8"?>
<!-- Generated by org.testng.reporters.JUnitReportReporter -->
<testsuite hostname="DESKTOP-2G7LDOO" failures="0" tests="15" name="TestRunner" time="52.393" errors="0" timestamp="2024-10-21T15:44:35 IST" skipped="0">
  <testcase classname="TestRunner" name="runScenario" time="3.498"/>
  <testcase classname="TestRunner" name="runScenario" time="2.901"/>
  <testcase classname="TestRunner" name="runScenario" time="2.720"/>
  <testcase classname="TestRunner" name="runScenario" time="3.665"/>
  <testcase classname="TestRunner" name="runScenario" time="2.848"/>
  <testcase classname="TestRunner" name="runScenario" time="4.238"/>
  <testcase classname="TestRunner" name="runScenario" time="2.133"/>
  <testcase classname="TestRunner" name="runScenario" time="4.219"/>
  <testcase classname="TestRunner" name="runScenario" time="2.700"/>
  <testcase classname="TestRunner" name="runScenario" time="3.038"/>
  <testcase classname="TestRunner" name="runScenario" time="4.517"/>
  <testcase classname="TestRunner" name="runScenario" time="3.216"/>
  <testcase classname="TestRunner" name="runScenario" time="3.713"/>
  <testcase classname="TestRunner" name="runScenario" time="5.324"/>
  <testcase classname="TestRunner" name="runScenario" time="3.663"/>
</testsuite> <!-- TestRunner -->
