<?xml version="1.0" encoding="UTF-8"?>
<!-- Generated by org.testng.reporters.JUnitReportReporter -->
<testsuite hostname="DESKTOP-2G7LDOO" failures="0" tests="2" name="AccountPageTest" time="29.149" errors="0" timestamp="2024-10-22T23:16:25 IST" skipped="0">
  <testcase classname="AccountPageTest" name="testAccountPgUi" time="17.917"/>
  <testcase classname="AccountPageTest" name="testLogOutFunctionality" time="11.232"/>
</testsuite> <!-- AccountPageTest -->
